生成启动时间为 2018/9/9 星期日 15:03:43。
     1>项目“D:\codes\Bombing\Bombing\Bombing.vcxproj”在节点 2 上(build 个目标)。
     1>InitializeBuildStatus:
         正在创建“Release\Bombing.unsuccessfulbuild”，因为已指定“AlwaysCreate”。
       ClCompile:
         C:\Program Files (x86)\Microsoft Visual Studio 10.0\VC\bin\CL.exe /c /Zi /nologo /W3 /WX- /O2 /Oi /Oy- /GL /D WIN32 /D _WINDOWS /D NDEBUG /D _UNICODE /D UNICODE /Gm- /EHsc /MT /GS /Gy /fp:precise /Zc:wchar_t /Zc:forScope /Yc"StdAfx.h" /Fp"Release\Bombing.pch" /Fo"Release\\" /Fd"Release\vc100.pdb" /Gd /TP /analyze- /errorReport:prompt stdafx.cpp
         stdafx.cpp
         C:\Program Files (x86)\Microsoft Visual Studio 10.0\VC\bin\CL.exe /c /Zi /nologo /W3 /WX- /O2 /Oi /Oy- /GL /D WIN32 /D _WINDOWS /D NDEBUG /D _UNICODE /D UNICODE /Gm- /EHsc /MT /GS /Gy /fp:precise /Zc:wchar_t /Zc:forScope /Yu"StdAfx.h" /Fp"Release\Bombing.pch" /Fo"Release\\" /Fd"Release\vc100.pdb" /Gd /TP /analyze- /errorReport:prompt Bombing.cpp BombingDlg.cpp
         Bombing.cpp
         BombingDlg.cpp
       ResourceCompile:
         所有输出均为最新。
       Link:
         C:\Program Files (x86)\Microsoft Visual Studio 10.0\VC\bin\link.exe /ERRORREPORT:PROMPT /OUT:"D:\codes\Bombing\Release\Bombing.exe" /INCREMENTAL:NO /NOLOGO /MANIFEST /ManifestFile:"Release\Bombing.exe.intermediate.manifest" /MANIFESTUAC:"level='asInvoker' uiAccess='false'" /DEBUG /PDB:"D:\codes\Bombing\Release\Bombing.pdb" /SUBSYSTEM:WINDOWS /OPT:REF /OPT:ICF /LTCG /TLBID:1 /ENTRY:"wWinMainCRTStartup" /DYNAMICBASE /NXCOMPAT /IMPLIB:"D:\codes\Bombing\Release\Bombing.lib" /MACHINE:X86 Release\Bombing.res
         Release\Bombing.obj
         Release\BombingDlg.obj
         Release\stdafx.obj
         正在生成代码
         已完成代码的生成
         Bombing.vcxproj -> D:\codes\Bombing\Release\Bombing.exe
       Manifest:
         C:\Program Files (x86)\Microsoft SDKs\Windows\v7.0A\bin\mt.exe /nologo /verbose /outputresource:"D:\codes\Bombing\Release\Bombing.exe;#1" /manifest Release\Bombing.exe.intermediate.manifest "C:\Program Files (x86)\Microsoft Visual Studio 10.0\VC\Include\Manifest\dpiaware.manifest"
       FinalizeBuildStatus:
         正在删除文件“Release\Bombing.unsuccessfulbuild”。
         正在对“Release\Bombing.lastbuildstate”执行 Touch 任务。
     1>已完成生成项目“D:\codes\Bombing\Bombing\Bombing.vcxproj”(build 个目标)的操作。

生成成功。

已用时间 00:00:24.27
