D:\CODES\BOMBING\BOMBING\RELEASE\BOMBING.EXE.INTERMEDIATE.MANIFEST
D:\CODES\BOMBING\BOMBING\RELEASE\BOMBING.OBJ
D:\CODES\BOMBING\BOMBING\RELEASE\BOMBING.PCH
D:\CODES\BOMBING\BOMBING\RELEASE\BOMBING.RES
D:\codes\Bombing\Bombing\Release\Bombing.write.1.tlog
D:\CODES\BOMBING\BOMBING\RELEASE\BOMBINGDLG.OBJ
D:\codes\Bombing\Bombing\Release\cl.command.1.tlog
D:\codes\Bombing\Bombing\Release\CL.read.1.tlog
D:\codes\Bombing\Bombing\Release\CL.write.1.tlog
D:\codes\Bombing\Bombing\Release\link.command.1.tlog
D:\codes\Bombing\Bombing\Release\link.read.1.tlog
D:\codes\Bombing\Bombing\Release\link.write.1.tlog
D:\codes\Bombing\Bombing\Release\link-cvtres.read.1.tlog
D:\codes\Bombing\Bombing\Release\link-cvtres.write.1.tlog
D:\codes\Bombing\Bombing\Release\mt.command.1.tlog
D:\codes\Bombing\Bombing\Release\mt.read.1.tlog
D:\codes\Bombing\Bombing\Release\mt.write.1.tlog
D:\codes\Bombing\Bombing\Release\rc.command.1.tlog
D:\codes\Bombing\Bombing\Release\rc.read.1.tlog
D:\codes\Bombing\Bombing\Release\rc.write.1.tlog
D:\CODES\BOMBING\BOMBING\RELEASE\STDAFX.OBJ
D:\CODES\BOMBING\BOMBING\RELEASE\VC100.PDB
D:\CODES\BOMBING\RELEASE\BOMBING.EXE
D:\CODES\BOMBING\RELEASE\BOMBING.PDB
