生成启动时间为 2018/6/22 星期五 22:44:29。
     1>项目“D:\codes\Bombing\Bombing\Bombing.vcxproj”在节点 2 上(build 个目标)。
     1>InitializeBuildStatus:
         正在创建“Debug\Bombing.unsuccessfulbuild”，因为已指定“AlwaysCreate”。
       ClCompile:
         所有输出均为最新。
         C:\Program Files (x86)\Microsoft Visual Studio 10.0\VC\bin\CL.exe /c /ZI /nologo /W3 /WX- /Od /Oy- /D WIN32 /D _WINDOWS /D _DEBUG /D _UNICODE /D UNICODE /Gm /EHsc /RTC1 /MTd /GS /fp:precise /Zc:wchar_t /Zc:forScope /Yu"StdAfx.h" /Fp"Debug\Bombing.pch" /Fo"Debug\\" /Fd"Debug\vc100.pdb" /Gd /TP /analyze- /errorReport:prompt BombingDlg.cpp
         BombingDlg.cpp
       ResourceCompile:
         所有输出均为最新。
       ManifestResourceCompile:
         所有输出均为最新。
       Link:
         C:\Program Files (x86)\Microsoft Visual Studio 10.0\VC\bin\link.exe /ERRORREPORT:PROMPT /OUT:"D:\codes\Bombing\Debug\Bombing.exe" /INCREMENTAL /NOLOGO /MANIFEST /ManifestFile:"Debug\Bombing.exe.intermediate.manifest" /MANIFESTUAC:"level='asInvoker' uiAccess='false'" /DEBUG /PDB:"D:\codes\Bombing\Debug\Bombing.pdb" /SUBSYSTEM:WINDOWS /TLBID:1 /ENTRY:"wWinMainCRTStartup" /DYNAMICBASE /NXCOMPAT /IMPLIB:"D:\codes\Bombing\Debug\Bombing.lib" /MACHINE:X86 Debug\Bombing.res
         Debug\Bombing.exe.embed.manifest.res
         Debug\Bombing.obj
         Debug\BombingDlg.obj
         Debug\stdafx.obj
       Manifest:
         C:\Program Files (x86)\Microsoft SDKs\Windows\v7.0A\bin\mt.exe /nologo /verbose /out:"Debug\Bombing.exe.embed.manifest" /manifest Debug\Bombing.exe.intermediate.manifest "C:\Program Files (x86)\Microsoft Visual Studio 10.0\VC\Include\Manifest\dpiaware.manifest"
         所有输出均为最新。
       LinkEmbedManifest:
         所有输出均为最新。
         Bombing.vcxproj -> D:\codes\Bombing\Debug\Bombing.exe
       FinalizeBuildStatus:
         正在删除文件“Debug\Bombing.unsuccessfulbuild”。
         正在对“Debug\Bombing.lastbuildstate”执行 Touch 任务。
     1>已完成生成项目“D:\codes\Bombing\Bombing\Bombing.vcxproj”(build 个目标)的操作。

生成成功。

已用时间 00:00:00.64
